<?xml version="1.0" encoding="UTF-8"?>
<!-- Generated by org.testng.reporters.JUnitReportReporter -->
<testsuite skipped="0" hostname="DESKTOP-R3O9REA" name="testCases.MobileSliderTestCases" tests="2" failures="0" timestamp="2022-05-19T18:55:29 IST" time="21.383" errors="0">
  <testcase name="VerifyUrlMobileSlider" time="10.127" classname="testCases.MobileSliderTestCases"/>
  <system-out/>
  <testcase name="VerifyTitleMobileSlider" time="11.256" classname="testCases.MobileSliderTestCases"/>
  <system-out/>
</testsuite> <!-- testCases.MobileSliderTestCases -->
