<?xml version="1.0" encoding="UTF-8"?>
<!-- Generated by org.testng.reporters.JUnitReportReporter -->
<testsuite skipped="0" hostname="DESKTOP-R3O9REA" name="testCases.ManageProductTestCases" tests="2" failures="0" timestamp="2022-05-19T18:55:29 IST" time="21.821" errors="0">
  <testcase name="verifyDropdownCategory" time="13.772" classname="testCases.ManageProductTestCases"/>
  <system-out/>
  <testcase name="VerifyTextOfAlertBox" time="8.049" classname="testCases.ManageProductTestCases"/>
  <system-out/>
</testsuite> <!-- testCases.ManageProductTestCases -->
