<?xml version="1.0" encoding="UTF-8"?>
<!-- Generated by org.testng.reporters.JUnitReportReporter -->
<testsuite skipped="0" hostname="DESKTOP-R3O9REA" name="testCases.LoginPageTestCases" tests="2" failures="0" timestamp="2022-05-19T18:55:29 IST" time="13.505" errors="0">
  <testcase name="verifyLoginButtonText" time="4.378" classname="testCases.LoginPageTestCases"/>
  <system-out/>
  <testcase name="verifyCheckBox" time="9.127" classname="testCases.LoginPageTestCases"/>
  <system-out/>
</testsuite> <!-- testCases.LoginPageTestCases -->
