<?xml version="1.0" encoding="UTF-8"?>
<!-- Generated by org.testng.reporters.JUnitReportReporter -->
<testsuite skipped="0" hostname="DESKTOP-R3O9REA" name="testCases.ManageOfferCodeTestCase" tests="1" failures="0" timestamp="2022-05-20T20:41:35 IST" time="9.837" errors="0">
  <testcase name="verifyToolTipValueUnderLine" time="9.837" classname="testCases.ManageOfferCodeTestCase"/>
  <system-out/>
</testsuite> <!-- testCases.ManageOfferCodeTestCase -->
