<?xml version="1.0" encoding="UTF-8"?>
<!-- Generated by org.testng.reporters.JUnitReportReporter -->
<testsuite skipped="0" hostname="DESKTOP-R3O9REA" name="testCases.DashBoardTestCases" tests="1" failures="0" timestamp="2022-05-25T10:40:31 IST" time="8.706" errors="0">
  <testcase name="VerifyTextOfActivePageCliCkingAdminLink" time="8.706" classname="testCases.DashBoardTestCases"/>
  <system-out/>
</testsuite> <!-- testCases.DashBoardTestCases -->
