<?xml version="1.0" encoding="UTF-8"?>
<!-- Generated by org.testng.reporters.JUnitReportReporter -->
<testsuite skipped="0" hostname="DESKTOP-R3O9REA" name="testCases.ManageDeliveryBoyTestCases" tests="1" failures="0" timestamp="2022-05-20T13:45:07 IST" time="9.882" errors="0">
  <testcase name="VerifyNewlyEnteredDeliveryBoy" time="9.882" classname="testCases.ManageDeliveryBoyTestCases"/>
  <system-out/>
</testsuite> <!-- testCases.ManageDeliveryBoyTestCases -->
