<?xml version="1.0" encoding="UTF-8"?>
<!-- Generated by org.testng.reporters.JUnitReportReporter -->
<testsuite skipped="0" hostname="DESKTOP-R3O9REA" name="testCases.ManageProductTestCases" tests="1" failures="0" timestamp="2022-05-22T17:35:32 IST" time="9.695" errors="0">
  <testcase name="verifyWaterMarkText" time="9.695" classname="testCases.ManageProductTestCases"/>
  <system-out/>
</testsuite> <!-- testCases.ManageProductTestCases -->
