<?xml version="1.0" encoding="UTF-8"?>
<!-- Generated by org.testng.reporters.JUnitReportReporter -->
<testsuite skipped="0" hostname="DESKTOP-R3O9REA" name="testCases.MobileSliderTestCases" tests="1" failures="0" timestamp="2022-05-25T10:29:12 IST" time="12.570" errors="0">
  <testcase name="VerifyNewMobileSliderCreateOption" time="12.570" classname="testCases.MobileSliderTestCases"/>
  <system-out/>
</testsuite> <!-- testCases.MobileSliderTestCases -->
