<?xml version="1.0" encoding="UTF-8"?>
<!-- Generated by org.testng.reporters.JUnitReportReporter -->
<testsuite skipped="0" hostname="DESKTOP-R3O9REA" name="testCases.AdminUsersTestCases" tests="1" failures="0" timestamp="2022-05-20T11:25:41 IST" time="9.324" errors="0">
  <testcase name="verifyChangingBackgroundcolor" time="9.324" classname="testCases.AdminUsersTestCases"/>
  <system-out/>
</testsuite> <!-- testCases.AdminUsersTestCases -->
