<?xml version="1.0" encoding="UTF-8"?>
<!-- Generated by org.testng.reporters.JUnitReportReporter -->
<testsuite skipped="0" hostname="DESKTOP-R3O9REA" name="testCases.ManageUsersTestCases" tests="1" failures="0" timestamp="2022-05-22T12:28:51 IST" time="7.090" errors="0">
  <testcase name="verifyPasswordTextOfUser" time="7.090" classname="testCases.ManageUsersTestCases"/>
  <system-out/>
</testsuite> <!-- testCases.ManageUsersTestCases -->
