<?xml version="1.0" encoding="UTF-8"?>
<!-- Generated by org.testng.reporters.JUnitReportReporter -->
<testsuite skipped="0" hostname="DESKTOP-R3O9REA" name="testCases.LoginPageTestCases" tests="1" failures="0" timestamp="2022-05-20T20:34:50 IST" time="7.670" errors="0">
  <testcase name="verifyValidLogin" time="7.670" classname="testCases.LoginPageTestCases"/>
  <system-out/>
</testsuite> <!-- testCases.LoginPageTestCases -->
