<?xml version="1.0" encoding="UTF-8"?>
<!-- Generated by org.testng.reporters.JUnitReportReporter -->
<testsuite skipped="0" hostname="DESKTOP-R3O9REA" name="testCases.ManageOrdersTestCases" tests="1" failures="0" timestamp="2022-05-23T20:04:05 IST" time="10.303" errors="0">
  <testcase name="verifyNumberOfRecordsInTable" time="10.303" classname="testCases.ManageOrdersTestCases"/>
  <system-out/>
</testsuite> <!-- testCases.ManageOrdersTestCases -->
