<?xml version="1.0" encoding="UTF-8"?>
<!-- Generated by org.testng.reporters.JUnitReportReporter -->
<testsuite skipped="0" hostname="DESKTOP-R3O9REA" name="testCases.PushNotificationTestCases" tests="1" failures="0" timestamp="2022-05-23T11:03:37 IST" time="10.133" errors="0">
  <testcase name="VerifySuccessMessage" time="10.133" classname="testCases.PushNotificationTestCases"/>
  <system-out/>
</testsuite> <!-- testCases.PushNotificationTestCases -->
