<?xml version="1.0" encoding="UTF-8"?>
<!-- Generated by org.testng.reporters.JUnitReportReporter -->
<testsuite skipped="0" hostname="DESKTOP-R3O9REA" name="testCases.ManageExpenseTestCases" tests="2" failures="0" timestamp="2022-05-22T20:03:50 IST" time="13.537" errors="0">
  <testcase name="BackgroundcolorOfSearchButton" time="9.052" classname="testCases.ManageExpenseTestCases"/>
  <system-out/>
  <testcase name="VerifyColorBeforeAndAfterMouseHover" time="4.485" classname="testCases.ManageExpenseTestCases"/>
  <system-out/>
</testsuite> <!-- testCases.ManageExpenseTestCases -->
